<?xml version="1.0" encoding="UTF-8"?>
<testsuite xmlns:xsi="http://www.w3.org/2001/XMLSchema-instance" xsi:noNamespaceSchemaLocation="https://maven.apache.org/surefire/maven-surefire-plugin/xsd/surefire-test-report.xsd" version="3.0.2" name="TestSuite" time="31.235" tests="2" errors="0" skipped="0" failures="0">
  <properties>
[...]
</properties>
  <testcase name="verify_account_registration" classname="testCases.TC001_AccountRegistrationTest" time="9.002">
    <system-out><![CDATA[2025-02-15T11:16:18.999969300Z main INFO Starting configuration XmlConfiguration[location=C:\Automation\selenium Webdriver\Webdriverjavaproject\OpencartV121\target\test-classes\log4j2.xml, lastModified=2025-02-15T11:15:50.051Z]...
2025-02-15T11:16:19.003970Z main INFO Start watching for changes to C:\Automation\selenium Webdriver\Webdriverjavaproject\OpencartV121\target\test-classes\log4j2.xml every 0 seconds
2025-02-15T11:16:19.003970Z main INFO Configuration XmlConfiguration[location=C:\Automation\selenium Webdriver\Webdriverjavaproject\OpencartV121\target\test-classes\log4j2.xml, lastModified=2025-02-15T11:15:50.051Z] started.
2025-02-15T11:16:19.010040400Z main INFO Stopping configuration org.apache.logging.log4j.core.config.DefaultConfiguration@7a362b6b...
2025-02-15T11:16:19.011161100Z main INFO Configuration org.apache.logging.log4j.core.config.DefaultConfiguration@7a362b6b stopped.
]]></system-out>
  </testcase>
  <testcase name="verify_login" classname="testCases.TC002_LoginTest" time="3.183"/>
</testsuite>